<?xml version="1.0" encoding="UTF-8"?>
<testng-results skipped="0" failed="0" ignored="0" total="3" passed="3">
  <reporter-output>
  </reporter-output>
  <suite name="Default suite" duration-ms="7516" started-at="2022-11-27T07:37:52 CST" finished-at="2022-11-27T07:38:00 CST">
    <groups>
    </groups>
    <test name="Default test" duration-ms="7516" started-at="2022-11-27T07:37:52 CST" finished-at="2022-11-27T07:38:00 CST">
      <class name="testTwo">
        <test-method status="PASS" signature="launch()[pri:0, instance:testTwo@60285225]" name="launch" is-config="true" duration-ms="6300" started-at="2022-11-27T07:37:52 CST" finished-at="2022-11-27T07:37:59 CST">
          <reporter-output>
          </reporter-output>
        </test-method> <!-- launch -->
        <test-method status="PASS" signature="login1()[pri:0, instance:testTwo@60285225]" name="login1" duration-ms="508" started-at="2022-11-27T07:37:59 CST" finished-at="2022-11-27T07:37:59 CST">
          <reporter-output>
          </reporter-output>
        </test-method> <!-- login1 -->
        <test-method status="PASS" signature="login2()[pri:0, instance:testTwo@60285225]" name="login2" duration-ms="205" started-at="2022-11-27T07:37:59 CST" finished-at="2022-11-27T07:38:00 CST">
          <reporter-output>
          </reporter-output>
        </test-method> <!-- login2 -->
        <test-method status="PASS" signature="login3()[pri:0, instance:testTwo@60285225]" name="login3" duration-ms="419" started-at="2022-11-27T07:38:00 CST" finished-at="2022-11-27T07:38:00 CST">
          <reporter-output>
          </reporter-output>
        </test-method> <!-- login3 -->
      </class> <!-- testTwo -->
    </test> <!-- Default test -->
  </suite> <!-- Default suite -->
</testng-results>
