<?xml version="1.0" encoding="UTF-8"?>
<testng-results skipped="0" failed="0" ignored="0" total="1" passed="1">
  <reporter-output>
  </reporter-output>
  <suite name="Default suite" duration-ms="6427" started-at="2022-12-10T09:19:41 CST" finished-at="2022-12-10T09:19:47 CST">
    <groups>
    </groups>
    <test name="Default test" duration-ms="6427" started-at="2022-12-10T09:19:41 CST" finished-at="2022-12-10T09:19:47 CST">
      <class name="test">
        <test-method status="PASS" signature="launch()[pri:0, instance:test@45820e51]" name="launch" is-config="true" duration-ms="5826" started-at="2022-12-10T09:19:41 CST" finished-at="2022-12-10T09:19:46 CST">
          <reporter-output>
          </reporter-output>
        </test-method> <!-- launch -->
        <test-method status="PASS" signature="login1()[pri:0, instance:test@45820e51]" name="login1" duration-ms="522" started-at="2022-12-10T09:19:47 CST" finished-at="2022-12-10T09:19:47 CST">
          <reporter-output>
          </reporter-output>
        </test-method> <!-- login1 -->
      </class> <!-- test -->
    </test> <!-- Default test -->
  </suite> <!-- Default suite -->
</testng-results>
